[2025-03-25T01:51:30.008Z] info: kubernetes.yaml was copied to the config folder
[2025-03-25T01:52:26.204Z] info: docker.yaml was copied to the config folder
[2025-03-25T01:52:26.206Z] info: services.yaml was copied to the config folder
[2025-03-25T01:52:26.208Z] info: widgets.yaml was copied to the config folder
[2025-03-25T01:52:26.209Z] info: custom.css was copied to the config folder
[2025-03-25T01:52:26.211Z] info: custom.js was copied to the config folder
[2025-03-25T01:52:26.389Z] error: undefined
[2025-03-25T01:52:26.395Z] error: TypeError: Invalid URL
    at new URL (node:internal/url:818:25)
    at f (/app/.next/server/pages/index.js:1:80535)
    at Wc (/app/node_modules/.pnpm/react-dom@18.3.1_react@18.3.1/node_modules/react-dom/cjs/react-dom-server.browser.production.min.js:68:44)
    at Zc (/app/node_modules/.pnpm/react-dom@18.3.1_react@18.3.1/node_modules/react-dom/cjs/react-dom-server.browser.production.min.js:70:253)
    at Z (/app/node_modules/.pnpm/react-dom@18.3.1_react@18.3.1/node_modules/react-dom/cjs/react-dom-server.browser.production.min.js:76:89)
    at $c (/app/node_modules/.pnpm/react-dom@18.3.1_react@18.3.1/node_modules/react-dom/cjs/react-dom-server.browser.production.min.js:78:98)
    at bd (/app/node_modules/.pnpm/react-dom@18.3.1_react@18.3.1/node_modules/react-dom/cjs/react-dom-server.browser.production.min.js:77:404)
    at Z (/app/node_modules/.pnpm/react-dom@18.3.1_react@18.3.1/node_modules/react-dom/cjs/react-dom-server.browser.production.min.js:76:217)
    at $c (/app/node_modules/.pnpm/react-dom@18.3.1_react@18.3.1/node_modules/react-dom/cjs/react-dom-server.browser.production.min.js:78:98)
    at Zc (/app/node_modules/.pnpm/react-dom@18.3.1_react@18.3.1/node_modules/react-dom/cjs/react-dom-server.browser.production.min.js:71:145)
[2025-03-25T01:52:26.412Z] error: TypeError: Invalid URL
    at new URL (node:internal/url:818:25)
    at f (/app/.next/server/pages/index.js:1:80535)
    at Wc (/app/node_modules/.pnpm/react-dom@18.3.1_react@18.3.1/node_modules/react-dom/cjs/react-dom-server.browser.production.min.js:68:44)
    at Zc (/app/node_modules/.pnpm/react-dom@18.3.1_react@18.3.1/node_modules/react-dom/cjs/react-dom-server.browser.production.min.js:70:253)
    at Z (/app/node_modules/.pnpm/react-dom@18.3.1_react@18.3.1/node_modules/react-dom/cjs/react-dom-server.browser.production.min.js:76:89)
    at $c (/app/node_modules/.pnpm/react-dom@18.3.1_react@18.3.1/node_modules/react-dom/cjs/react-dom-server.browser.production.min.js:78:98)
    at bd (/app/node_modules/.pnpm/react-dom@18.3.1_react@18.3.1/node_modules/react-dom/cjs/react-dom-server.browser.production.min.js:77:404)
    at Z (/app/node_modules/.pnpm/react-dom@18.3.1_react@18.3.1/node_modules/react-dom/cjs/react-dom-server.browser.production.min.js:76:217)
    at $c (/app/node_modules/.pnpm/react-dom@18.3.1_react@18.3.1/node_modules/react-dom/cjs/react-dom-server.browser.production.min.js:78:98)
    at Zc (/app/node_modules/.pnpm/react-dom@18.3.1_react@18.3.1/node_modules/react-dom/cjs/react-dom-server.browser.production.min.js:71:145)
[2025-03-25T01:57:39.893Z] error: undefined
[2025-03-25T01:57:39.899Z] error: TypeError: Invalid URL
    at new URL (node:internal/url:818:25)
    at f (/app/.next/server/pages/index.js:1:80535)
    at Wc (/app/node_modules/.pnpm/react-dom@18.3.1_react@18.3.1/node_modules/react-dom/cjs/react-dom-server.browser.production.min.js:68:44)
    at Zc (/app/node_modules/.pnpm/react-dom@18.3.1_react@18.3.1/node_modules/react-dom/cjs/react-dom-server.browser.production.min.js:70:253)
    at Z (/app/node_modules/.pnpm/react-dom@18.3.1_react@18.3.1/node_modules/react-dom/cjs/react-dom-server.browser.production.min.js:76:89)
    at $c (/app/node_modules/.pnpm/react-dom@18.3.1_react@18.3.1/node_modules/react-dom/cjs/react-dom-server.browser.production.min.js:78:98)
    at bd (/app/node_modules/.pnpm/react-dom@18.3.1_react@18.3.1/node_modules/react-dom/cjs/react-dom-server.browser.production.min.js:77:404)
    at Z (/app/node_modules/.pnpm/react-dom@18.3.1_react@18.3.1/node_modules/react-dom/cjs/react-dom-server.browser.production.min.js:76:217)
    at $c (/app/node_modules/.pnpm/react-dom@18.3.1_react@18.3.1/node_modules/react-dom/cjs/react-dom-server.browser.production.min.js:78:98)
    at Zc (/app/node_modules/.pnpm/react-dom@18.3.1_react@18.3.1/node_modules/react-dom/cjs/react-dom-server.browser.production.min.js:71:145)
[2025-03-25T01:57:39.913Z] error: TypeError: Invalid URL
    at new URL (node:internal/url:818:25)
    at f (/app/.next/server/pages/index.js:1:80535)
    at Wc (/app/node_modules/.pnpm/react-dom@18.3.1_react@18.3.1/node_modules/react-dom/cjs/react-dom-server.browser.production.min.js:68:44)
    at Zc (/app/node_modules/.pnpm/react-dom@18.3.1_react@18.3.1/node_modules/react-dom/cjs/react-dom-server.browser.production.min.js:70:253)
    at Z (/app/node_modules/.pnpm/react-dom@18.3.1_react@18.3.1/node_modules/react-dom/cjs/react-dom-server.browser.production.min.js:76:89)
    at $c (/app/node_modules/.pnpm/react-dom@18.3.1_react@18.3.1/node_modules/react-dom/cjs/react-dom-server.browser.production.min.js:78:98)
    at bd (/app/node_modules/.pnpm/react-dom@18.3.1_react@18.3.1/node_modules/react-dom/cjs/react-dom-server.browser.production.min.js:77:404)
    at Z (/app/node_modules/.pnpm/react-dom@18.3.1_react@18.3.1/node_modules/react-dom/cjs/react-dom-server.browser.production.min.js:76:217)
    at $c (/app/node_modules/.pnpm/react-dom@18.3.1_react@18.3.1/node_modules/react-dom/cjs/react-dom-server.browser.production.min.js:78:98)
    at Zc (/app/node_modules/.pnpm/react-dom@18.3.1_react@18.3.1/node_modules/react-dom/cjs/react-dom-server.browser.production.min.js:71:145)
[2025-03-25T01:57:50.257Z] error: undefined
[2025-03-25T01:57:50.259Z] error: TypeError: Invalid URL
    at new URL (node:internal/url:818:25)
    at f (/app/.next/server/pages/index.js:1:80535)
    at Wc (/app/node_modules/.pnpm/react-dom@18.3.1_react@18.3.1/node_modules/react-dom/cjs/react-dom-server.browser.production.min.js:68:44)
    at Zc (/app/node_modules/.pnpm/react-dom@18.3.1_react@18.3.1/node_modules/react-dom/cjs/react-dom-server.browser.production.min.js:70:253)
    at Z (/app/node_modules/.pnpm/react-dom@18.3.1_react@18.3.1/node_modules/react-dom/cjs/react-dom-server.browser.production.min.js:76:89)
    at $c (/app/node_modules/.pnpm/react-dom@18.3.1_react@18.3.1/node_modules/react-dom/cjs/react-dom-server.browser.production.min.js:78:98)
    at bd (/app/node_modules/.pnpm/react-dom@18.3.1_react@18.3.1/node_modules/react-dom/cjs/react-dom-server.browser.production.min.js:77:404)
    at Z (/app/node_modules/.pnpm/react-dom@18.3.1_react@18.3.1/node_modules/react-dom/cjs/react-dom-server.browser.production.min.js:76:217)
    at $c (/app/node_modules/.pnpm/react-dom@18.3.1_react@18.3.1/node_modules/react-dom/cjs/react-dom-server.browser.production.min.js:78:98)
    at Zc (/app/node_modules/.pnpm/react-dom@18.3.1_react@18.3.1/node_modules/react-dom/cjs/react-dom-server.browser.production.min.js:71:145)
[2025-03-25T01:57:50.261Z] error: undefined
[2025-03-25T02:03:46.051Z] error: undefined
[2025-03-25T02:03:46.054Z] error: TypeError: Invalid URL
    at new URL (node:internal/url:818:25)
    at f (/app/.next/server/pages/index.js:1:80535)
    at Wc (/app/node_modules/.pnpm/react-dom@18.3.1_react@18.3.1/node_modules/react-dom/cjs/react-dom-server.browser.production.min.js:68:44)
    at Zc (/app/node_modules/.pnpm/react-dom@18.3.1_react@18.3.1/node_modules/react-dom/cjs/react-dom-server.browser.production.min.js:70:253)
    at Z (/app/node_modules/.pnpm/react-dom@18.3.1_react@18.3.1/node_modules/react-dom/cjs/react-dom-server.browser.production.min.js:76:89)
    at $c (/app/node_modules/.pnpm/react-dom@18.3.1_react@18.3.1/node_modules/react-dom/cjs/react-dom-server.browser.production.min.js:78:98)
    at bd (/app/node_modules/.pnpm/react-dom@18.3.1_react@18.3.1/node_modules/react-dom/cjs/react-dom-server.browser.production.min.js:77:404)
    at Z (/app/node_modules/.pnpm/react-dom@18.3.1_react@18.3.1/node_modules/react-dom/cjs/react-dom-server.browser.production.min.js:76:217)
    at $c (/app/node_modules/.pnpm/react-dom@18.3.1_react@18.3.1/node_modules/react-dom/cjs/react-dom-server.browser.production.min.js:78:98)
    at Zc (/app/node_modules/.pnpm/react-dom@18.3.1_react@18.3.1/node_modules/react-dom/cjs/react-dom-server.browser.production.min.js:71:145)
[2025-03-25T02:03:46.063Z] error: TypeError: Invalid URL
    at new URL (node:internal/url:818:25)
    at f (/app/.next/server/pages/index.js:1:80535)
    at Wc (/app/node_modules/.pnpm/react-dom@18.3.1_react@18.3.1/node_modules/react-dom/cjs/react-dom-server.browser.production.min.js:68:44)
    at Zc (/app/node_modules/.pnpm/react-dom@18.3.1_react@18.3.1/node_modules/react-dom/cjs/react-dom-server.browser.production.min.js:70:253)
    at Z (/app/node_modules/.pnpm/react-dom@18.3.1_react@18.3.1/node_modules/react-dom/cjs/react-dom-server.browser.production.min.js:76:89)
    at $c (/app/node_modules/.pnpm/react-dom@18.3.1_react@18.3.1/node_modules/react-dom/cjs/react-dom-server.browser.production.min.js:78:98)
    at bd (/app/node_modules/.pnpm/react-dom@18.3.1_react@18.3.1/node_modules/react-dom/cjs/react-dom-server.browser.production.min.js:77:404)
    at Z (/app/node_modules/.pnpm/react-dom@18.3.1_react@18.3.1/node_modules/react-dom/cjs/react-dom-server.browser.production.min.js:76:217)
    at $c (/app/node_modules/.pnpm/react-dom@18.3.1_react@18.3.1/node_modules/react-dom/cjs/react-dom-server.browser.production.min.js:78:98)
    at Zc (/app/node_modules/.pnpm/react-dom@18.3.1_react@18.3.1/node_modules/react-dom/cjs/react-dom-server.browser.production.min.js:71:145)
[2025-03-25T02:05:33.887Z] error: undefined
[2025-03-25T02:05:33.888Z] error: TypeError: Invalid URL
    at new URL (node:internal/url:818:25)
    at f (/app/.next/server/pages/index.js:1:80535)
    at Wc (/app/node_modules/.pnpm/react-dom@18.3.1_react@18.3.1/node_modules/react-dom/cjs/react-dom-server.browser.production.min.js:68:44)
    at Zc (/app/node_modules/.pnpm/react-dom@18.3.1_react@18.3.1/node_modules/react-dom/cjs/react-dom-server.browser.production.min.js:70:253)
    at Z (/app/node_modules/.pnpm/react-dom@18.3.1_react@18.3.1/node_modules/react-dom/cjs/react-dom-server.browser.production.min.js:76:89)
    at $c (/app/node_modules/.pnpm/react-dom@18.3.1_react@18.3.1/node_modules/react-dom/cjs/react-dom-server.browser.production.min.js:78:98)
    at bd (/app/node_modules/.pnpm/react-dom@18.3.1_react@18.3.1/node_modules/react-dom/cjs/react-dom-server.browser.production.min.js:77:404)
    at Z (/app/node_modules/.pnpm/react-dom@18.3.1_react@18.3.1/node_modules/react-dom/cjs/react-dom-server.browser.production.min.js:76:217)
    at $c (/app/node_modules/.pnpm/react-dom@18.3.1_react@18.3.1/node_modules/react-dom/cjs/react-dom-server.browser.production.min.js:78:98)
    at Zc (/app/node_modules/.pnpm/react-dom@18.3.1_react@18.3.1/node_modules/react-dom/cjs/react-dom-server.browser.production.min.js:71:145)
[2025-03-25T02:05:33.897Z] error: TypeError: Invalid URL
    at new URL (node:internal/url:818:25)
    at f (/app/.next/server/pages/index.js:1:80535)
    at Wc (/app/node_modules/.pnpm/react-dom@18.3.1_react@18.3.1/node_modules/react-dom/cjs/react-dom-server.browser.production.min.js:68:44)
    at Zc (/app/node_modules/.pnpm/react-dom@18.3.1_react@18.3.1/node_modules/react-dom/cjs/react-dom-server.browser.production.min.js:70:253)
    at Z (/app/node_modules/.pnpm/react-dom@18.3.1_react@18.3.1/node_modules/react-dom/cjs/react-dom-server.browser.production.min.js:76:89)
    at $c (/app/node_modules/.pnpm/react-dom@18.3.1_react@18.3.1/node_modules/react-dom/cjs/react-dom-server.browser.production.min.js:78:98)
    at bd (/app/node_modules/.pnpm/react-dom@18.3.1_react@18.3.1/node_modules/react-dom/cjs/react-dom-server.browser.production.min.js:77:404)
    at Z (/app/node_modules/.pnpm/react-dom@18.3.1_react@18.3.1/node_modules/react-dom/cjs/react-dom-server.browser.production.min.js:76:217)
    at $c (/app/node_modules/.pnpm/react-dom@18.3.1_react@18.3.1/node_modules/react-dom/cjs/react-dom-server.browser.production.min.js:78:98)
    at Zc (/app/node_modules/.pnpm/react-dom@18.3.1_react@18.3.1/node_modules/react-dom/cjs/react-dom-server.browser.production.min.js:71:145)
[2025-03-25T02:05:35.415Z] error: <httpProxy> Error calling http://pihole.local:8082/admin/api.php...
[2025-03-25T02:05:35.415Z] error: <httpProxy> [
  500,
  [Error: getaddrinfo ENOTFOUND pihole.local] {
    errno: -3008,
    code: 'ENOTFOUND',
    syscall: 'getaddrinfo',
    hostname: 'pihole.local'
  }
]
[2025-03-25T02:05:40.623Z] error: <httpProxy> Error calling http://pihole.local:8082/admin/api.php...
[2025-03-25T02:05:40.623Z] error: <httpProxy> [
  500,
  [Error: getaddrinfo ENOTFOUND pihole.local] {
    errno: -3008,
    code: 'ENOTFOUND',
    syscall: 'getaddrinfo',
    hostname: 'pihole.local'
  }
]
[2025-03-25T02:06:28.401Z] error: undefined
[2025-03-25T02:06:28.402Z] error: TypeError: Invalid URL
    at new URL (node:internal/url:818:25)
    at f (/app/.next/server/pages/index.js:1:80535)
    at Wc (/app/node_modules/.pnpm/react-dom@18.3.1_react@18.3.1/node_modules/react-dom/cjs/react-dom-server.browser.production.min.js:68:44)
    at Zc (/app/node_modules/.pnpm/react-dom@18.3.1_react@18.3.1/node_modules/react-dom/cjs/react-dom-server.browser.production.min.js:70:253)
    at Z (/app/node_modules/.pnpm/react-dom@18.3.1_react@18.3.1/node_modules/react-dom/cjs/react-dom-server.browser.production.min.js:76:89)
    at $c (/app/node_modules/.pnpm/react-dom@18.3.1_react@18.3.1/node_modules/react-dom/cjs/react-dom-server.browser.production.min.js:78:98)
    at bd (/app/node_modules/.pnpm/react-dom@18.3.1_react@18.3.1/node_modules/react-dom/cjs/react-dom-server.browser.production.min.js:77:404)
    at Z (/app/node_modules/.pnpm/react-dom@18.3.1_react@18.3.1/node_modules/react-dom/cjs/react-dom-server.browser.production.min.js:76:217)
    at $c (/app/node_modules/.pnpm/react-dom@18.3.1_react@18.3.1/node_modules/react-dom/cjs/react-dom-server.browser.production.min.js:78:98)
    at Zc (/app/node_modules/.pnpm/react-dom@18.3.1_react@18.3.1/node_modules/react-dom/cjs/react-dom-server.browser.production.min.js:71:145)
[2025-03-25T02:06:28.411Z] error: TypeError: Invalid URL
    at new URL (node:internal/url:818:25)
    at f (/app/.next/server/pages/index.js:1:80535)
    at Wc (/app/node_modules/.pnpm/react-dom@18.3.1_react@18.3.1/node_modules/react-dom/cjs/react-dom-server.browser.production.min.js:68:44)
    at Zc (/app/node_modules/.pnpm/react-dom@18.3.1_react@18.3.1/node_modules/react-dom/cjs/react-dom-server.browser.production.min.js:70:253)
    at Z (/app/node_modules/.pnpm/react-dom@18.3.1_react@18.3.1/node_modules/react-dom/cjs/react-dom-server.browser.production.min.js:76:89)
    at $c (/app/node_modules/.pnpm/react-dom@18.3.1_react@18.3.1/node_modules/react-dom/cjs/react-dom-server.browser.production.min.js:78:98)
    at bd (/app/node_modules/.pnpm/react-dom@18.3.1_react@18.3.1/node_modules/react-dom/cjs/react-dom-server.browser.production.min.js:77:404)
    at Z (/app/node_modules/.pnpm/react-dom@18.3.1_react@18.3.1/node_modules/react-dom/cjs/react-dom-server.browser.production.min.js:76:217)
    at $c (/app/node_modules/.pnpm/react-dom@18.3.1_react@18.3.1/node_modules/react-dom/cjs/react-dom-server.browser.production.min.js:78:98)
    at Zc (/app/node_modules/.pnpm/react-dom@18.3.1_react@18.3.1/node_modules/react-dom/cjs/react-dom-server.browser.production.min.js:71:145)
[2025-03-25T02:06:28.424Z] error: <httpProxy> Error calling http://pihole.homelab.lan/admin/api.php...
[2025-03-25T02:06:28.425Z] error: <httpProxy> [
  500,
  Error: connect ECONNREFUSED 10.104.1.143:80
      at <unknown> (Error: connect ECONNREFUSED 10.104.1.143:80) {
    errno: -111,
    code: 'ECONNREFUSED',
    syscall: 'connect',
    address: '10.104.1.143',
    port: 80
  }
]
[2025-03-25T02:07:41.201Z] error: undefined
[2025-03-25T02:07:41.202Z] error: TypeError: Invalid URL
    at new URL (node:internal/url:818:25)
    at f (/app/.next/server/pages/index.js:1:80535)
    at Wc (/app/node_modules/.pnpm/react-dom@18.3.1_react@18.3.1/node_modules/react-dom/cjs/react-dom-server.browser.production.min.js:68:44)
    at Zc (/app/node_modules/.pnpm/react-dom@18.3.1_react@18.3.1/node_modules/react-dom/cjs/react-dom-server.browser.production.min.js:70:253)
    at Z (/app/node_modules/.pnpm/react-dom@18.3.1_react@18.3.1/node_modules/react-dom/cjs/react-dom-server.browser.production.min.js:76:89)
    at $c (/app/node_modules/.pnpm/react-dom@18.3.1_react@18.3.1/node_modules/react-dom/cjs/react-dom-server.browser.production.min.js:78:98)
    at bd (/app/node_modules/.pnpm/react-dom@18.3.1_react@18.3.1/node_modules/react-dom/cjs/react-dom-server.browser.production.min.js:77:404)
    at Z (/app/node_modules/.pnpm/react-dom@18.3.1_react@18.3.1/node_modules/react-dom/cjs/react-dom-server.browser.production.min.js:76:217)
    at $c (/app/node_modules/.pnpm/react-dom@18.3.1_react@18.3.1/node_modules/react-dom/cjs/react-dom-server.browser.production.min.js:78:98)
    at Zc (/app/node_modules/.pnpm/react-dom@18.3.1_react@18.3.1/node_modules/react-dom/cjs/react-dom-server.browser.production.min.js:71:145)
[2025-03-25T02:07:41.207Z] error: TypeError: Invalid URL
    at new URL (node:internal/url:818:25)
    at f (/app/.next/server/pages/index.js:1:80535)
    at Wc (/app/node_modules/.pnpm/react-dom@18.3.1_react@18.3.1/node_modules/react-dom/cjs/react-dom-server.browser.production.min.js:68:44)
    at Zc (/app/node_modules/.pnpm/react-dom@18.3.1_react@18.3.1/node_modules/react-dom/cjs/react-dom-server.browser.production.min.js:70:253)
    at Z (/app/node_modules/.pnpm/react-dom@18.3.1_react@18.3.1/node_modules/react-dom/cjs/react-dom-server.browser.production.min.js:76:89)
    at $c (/app/node_modules/.pnpm/react-dom@18.3.1_react@18.3.1/node_modules/react-dom/cjs/react-dom-server.browser.production.min.js:78:98)
    at bd (/app/node_modules/.pnpm/react-dom@18.3.1_react@18.3.1/node_modules/react-dom/cjs/react-dom-server.browser.production.min.js:77:404)
    at Z (/app/node_modules/.pnpm/react-dom@18.3.1_react@18.3.1/node_modules/react-dom/cjs/react-dom-server.browser.production.min.js:76:217)
    at $c (/app/node_modules/.pnpm/react-dom@18.3.1_react@18.3.1/node_modules/react-dom/cjs/react-dom-server.browser.production.min.js:78:98)
    at Zc (/app/node_modules/.pnpm/react-dom@18.3.1_react@18.3.1/node_modules/react-dom/cjs/react-dom-server.browser.production.min.js:71:145)
[2025-03-25T02:07:42.375Z] error: <httpProxy> Error calling http://pihole.homelab.lan/admin/api.php...
[2025-03-25T02:07:42.376Z] error: <httpProxy> [
  500,
  Error: connect ECONNREFUSED 10.104.1.143:80
      at <unknown> (Error: connect ECONNREFUSED 10.104.1.143:80) {
    errno: -111,
    code: 'ECONNREFUSED',
    syscall: 'connect',
    address: '10.104.1.143',
    port: 80
  }
]
[2025-03-25T02:07:45.924Z] error: <httpProxy> Error calling http://pihole.homelab.lan/admin/api.php...
[2025-03-25T02:07:45.925Z] error: <httpProxy> [
  500,
  Error: connect ECONNREFUSED 10.104.1.143:80
      at <unknown> (Error: connect ECONNREFUSED 10.104.1.143:80) {
    errno: -111,
    code: 'ECONNREFUSED',
    syscall: 'connect',
    address: '10.104.1.143',
    port: 80
  }
]
[2025-03-25T02:08:24.062Z] error: <httpProxy> Error calling http://pihole.homelab.lan/admin/api.php...
[2025-03-25T02:08:24.062Z] error: <httpProxy> [
  500,
  Error: connect ECONNREFUSED 10.104.1.143:80
      at <unknown> (Error: connect ECONNREFUSED 10.104.1.143:80) {
    errno: -111,
    code: 'ECONNREFUSED',
    syscall: 'connect',
    address: '10.104.1.143',
    port: 80
  }
]
[2025-03-25T02:08:35.146Z] error: <httpProxy> Error calling http://pihole.homelab.lan/admin/api.php...
[2025-03-25T02:08:35.147Z] error: <httpProxy> [
  500,
  Error: connect ECONNREFUSED 10.104.1.143:80
      at <unknown> (Error: connect ECONNREFUSED 10.104.1.143:80) {
    errno: -111,
    code: 'ECONNREFUSED',
    syscall: 'connect',
    address: '10.104.1.143',
    port: 80
  }
]
[2025-03-25T02:09:02.953Z] error: <httpProxy> Error calling http://pihole.homelab.lan/admin/api.php...
[2025-03-25T02:09:02.953Z] error: <httpProxy> [
  500,
  Error: connect ECONNREFUSED 10.104.1.143:80
      at <unknown> (Error: connect ECONNREFUSED 10.104.1.143:80) {
    errno: -111,
    code: 'ECONNREFUSED',
    syscall: 'connect',
    address: '10.104.1.143',
    port: 80
  }
]
[2025-03-25T02:09:45.654Z] error: <httpProxy> Error calling http://pihole.homelab.lan/admin/api.php...
[2025-03-25T02:09:45.654Z] error: <httpProxy> [
  500,
  Error: connect ECONNREFUSED 10.104.1.143:80
      at <unknown> (Error: connect ECONNREFUSED 10.104.1.143:80) {
    errno: -111,
    code: 'ECONNREFUSED',
    syscall: 'connect',
    address: '10.104.1.143',
    port: 80
  }
]
[2025-03-25T02:09:45.667Z] error: undefined
[2025-03-25T02:09:45.669Z] error: TypeError: Invalid URL
    at new URL (node:internal/url:818:25)
    at f (/app/.next/server/pages/index.js:1:80535)
    at Wc (/app/node_modules/.pnpm/react-dom@18.3.1_react@18.3.1/node_modules/react-dom/cjs/react-dom-server.browser.production.min.js:68:44)
    at Zc (/app/node_modules/.pnpm/react-dom@18.3.1_react@18.3.1/node_modules/react-dom/cjs/react-dom-server.browser.production.min.js:70:253)
    at Z (/app/node_modules/.pnpm/react-dom@18.3.1_react@18.3.1/node_modules/react-dom/cjs/react-dom-server.browser.production.min.js:76:89)
    at $c (/app/node_modules/.pnpm/react-dom@18.3.1_react@18.3.1/node_modules/react-dom/cjs/react-dom-server.browser.production.min.js:78:98)
    at bd (/app/node_modules/.pnpm/react-dom@18.3.1_react@18.3.1/node_modules/react-dom/cjs/react-dom-server.browser.production.min.js:77:404)
    at Z (/app/node_modules/.pnpm/react-dom@18.3.1_react@18.3.1/node_modules/react-dom/cjs/react-dom-server.browser.production.min.js:76:217)
    at $c (/app/node_modules/.pnpm/react-dom@18.3.1_react@18.3.1/node_modules/react-dom/cjs/react-dom-server.browser.production.min.js:78:98)
    at Zc (/app/node_modules/.pnpm/react-dom@18.3.1_react@18.3.1/node_modules/react-dom/cjs/react-dom-server.browser.production.min.js:71:145)
[2025-03-25T02:09:45.675Z] error: TypeError: Invalid URL
    at new URL (node:internal/url:818:25)
    at f (/app/.next/server/pages/index.js:1:80535)
    at Wc (/app/node_modules/.pnpm/react-dom@18.3.1_react@18.3.1/node_modules/react-dom/cjs/react-dom-server.browser.production.min.js:68:44)
    at Zc (/app/node_modules/.pnpm/react-dom@18.3.1_react@18.3.1/node_modules/react-dom/cjs/react-dom-server.browser.production.min.js:70:253)
    at Z (/app/node_modules/.pnpm/react-dom@18.3.1_react@18.3.1/node_modules/react-dom/cjs/react-dom-server.browser.production.min.js:76:89)
    at $c (/app/node_modules/.pnpm/react-dom@18.3.1_react@18.3.1/node_modules/react-dom/cjs/react-dom-server.browser.production.min.js:78:98)
    at bd (/app/node_modules/.pnpm/react-dom@18.3.1_react@18.3.1/node_modules/react-dom/cjs/react-dom-server.browser.production.min.js:77:404)
    at Z (/app/node_modules/.pnpm/react-dom@18.3.1_react@18.3.1/node_modules/react-dom/cjs/react-dom-server.browser.production.min.js:76:217)
    at $c (/app/node_modules/.pnpm/react-dom@18.3.1_react@18.3.1/node_modules/react-dom/cjs/react-dom-server.browser.production.min.js:78:98)
    at Zc (/app/node_modules/.pnpm/react-dom@18.3.1_react@18.3.1/node_modules/react-dom/cjs/react-dom-server.browser.production.min.js:71:145)
[2025-03-25T02:09:47.041Z] error: <httpProxy> Error calling http://pihole.homelab.lan/admin/api.php...
[2025-03-25T02:09:47.042Z] error: <httpProxy> [
  500,
  Error: connect ECONNREFUSED 10.104.1.143:80
      at <unknown> (Error: connect ECONNREFUSED 10.104.1.143:80) {
    errno: -111,
    code: 'ECONNREFUSED',
    syscall: 'connect',
    address: '10.104.1.143',
    port: 80
  }
]
[2025-03-25T02:11:09.224Z] error: <httpProxy> Error calling http://pihole.homelab.lan/admin/api.php...
[2025-03-25T02:11:09.224Z] error: <httpProxy> [
  500,
  Error: connect ECONNREFUSED 10.104.1.143:80
      at <unknown> (Error: connect ECONNREFUSED 10.104.1.143:80) {
    errno: -111,
    code: 'ECONNREFUSED',
    syscall: 'connect',
    address: '10.104.1.143',
    port: 80
  }
]
[2025-03-25T02:13:26.289Z] error: <httpProxy> Error calling http://10.104.1.200/admin/api.php...
[2025-03-25T02:13:26.289Z] error: <httpProxy> [
  500,
  Error: connect ECONNREFUSED 10.104.1.200:80
      at <unknown> (Error: connect ECONNREFUSED 10.104.1.200:80) {
    errno: -111,
    code: 'ECONNREFUSED',
    syscall: 'connect',
    address: '10.104.1.200',
    port: 80
  }
]
[2025-03-25T02:13:26.306Z] error: undefined
[2025-03-25T02:13:26.309Z] error: TypeError: Invalid URL
    at new URL (node:internal/url:818:25)
    at f (/app/.next/server/pages/index.js:1:80535)
    at Wc (/app/node_modules/.pnpm/react-dom@18.3.1_react@18.3.1/node_modules/react-dom/cjs/react-dom-server.browser.production.min.js:68:44)
    at Zc (/app/node_modules/.pnpm/react-dom@18.3.1_react@18.3.1/node_modules/react-dom/cjs/react-dom-server.browser.production.min.js:70:253)
    at Z (/app/node_modules/.pnpm/react-dom@18.3.1_react@18.3.1/node_modules/react-dom/cjs/react-dom-server.browser.production.min.js:76:89)
    at $c (/app/node_modules/.pnpm/react-dom@18.3.1_react@18.3.1/node_modules/react-dom/cjs/react-dom-server.browser.production.min.js:78:98)
    at bd (/app/node_modules/.pnpm/react-dom@18.3.1_react@18.3.1/node_modules/react-dom/cjs/react-dom-server.browser.production.min.js:77:404)
    at Z (/app/node_modules/.pnpm/react-dom@18.3.1_react@18.3.1/node_modules/react-dom/cjs/react-dom-server.browser.production.min.js:76:217)
    at $c (/app/node_modules/.pnpm/react-dom@18.3.1_react@18.3.1/node_modules/react-dom/cjs/react-dom-server.browser.production.min.js:78:98)
    at Zc (/app/node_modules/.pnpm/react-dom@18.3.1_react@18.3.1/node_modules/react-dom/cjs/react-dom-server.browser.production.min.js:71:145)
[2025-03-25T02:13:26.315Z] error: TypeError: Invalid URL
    at new URL (node:internal/url:818:25)
    at f (/app/.next/server/pages/index.js:1:80535)
    at Wc (/app/node_modules/.pnpm/react-dom@18.3.1_react@18.3.1/node_modules/react-dom/cjs/react-dom-server.browser.production.min.js:68:44)
    at Zc (/app/node_modules/.pnpm/react-dom@18.3.1_react@18.3.1/node_modules/react-dom/cjs/react-dom-server.browser.production.min.js:70:253)
    at Z (/app/node_modules/.pnpm/react-dom@18.3.1_react@18.3.1/node_modules/react-dom/cjs/react-dom-server.browser.production.min.js:76:89)
    at $c (/app/node_modules/.pnpm/react-dom@18.3.1_react@18.3.1/node_modules/react-dom/cjs/react-dom-server.browser.production.min.js:78:98)
    at bd (/app/node_modules/.pnpm/react-dom@18.3.1_react@18.3.1/node_modules/react-dom/cjs/react-dom-server.browser.production.min.js:77:404)
    at Z (/app/node_modules/.pnpm/react-dom@18.3.1_react@18.3.1/node_modules/react-dom/cjs/react-dom-server.browser.production.min.js:76:217)
    at $c (/app/node_modules/.pnpm/react-dom@18.3.1_react@18.3.1/node_modules/react-dom/cjs/react-dom-server.browser.production.min.js:78:98)
    at Zc (/app/node_modules/.pnpm/react-dom@18.3.1_react@18.3.1/node_modules/react-dom/cjs/react-dom-server.browser.production.min.js:71:145)
[2025-03-25T02:13:27.859Z] error: <httpProxy> Error calling http://10.104.1.200/admin/api.php...
[2025-03-25T02:13:27.860Z] error: <httpProxy> [
  500,
  Error: connect ECONNREFUSED 10.104.1.200:80
      at <unknown> (Error: connect ECONNREFUSED 10.104.1.200:80) {
    errno: -111,
    code: 'ECONNREFUSED',
    syscall: 'connect',
    address: '10.104.1.200',
    port: 80
  }
]
[2025-03-25T02:13:35.511Z] error: undefined
[2025-03-25T02:13:35.512Z] error: TypeError: Invalid URL
    at new URL (node:internal/url:818:25)
    at f (/app/.next/server/pages/index.js:1:80535)
    at Wc (/app/node_modules/.pnpm/react-dom@18.3.1_react@18.3.1/node_modules/react-dom/cjs/react-dom-server.browser.production.min.js:68:44)
    at Zc (/app/node_modules/.pnpm/react-dom@18.3.1_react@18.3.1/node_modules/react-dom/cjs/react-dom-server.browser.production.min.js:70:253)
    at Z (/app/node_modules/.pnpm/react-dom@18.3.1_react@18.3.1/node_modules/react-dom/cjs/react-dom-server.browser.production.min.js:76:89)
    at $c (/app/node_modules/.pnpm/react-dom@18.3.1_react@18.3.1/node_modules/react-dom/cjs/react-dom-server.browser.production.min.js:78:98)
    at bd (/app/node_modules/.pnpm/react-dom@18.3.1_react@18.3.1/node_modules/react-dom/cjs/react-dom-server.browser.production.min.js:77:404)
    at Z (/app/node_modules/.pnpm/react-dom@18.3.1_react@18.3.1/node_modules/react-dom/cjs/react-dom-server.browser.production.min.js:76:217)
    at $c (/app/node_modules/.pnpm/react-dom@18.3.1_react@18.3.1/node_modules/react-dom/cjs/react-dom-server.browser.production.min.js:78:98)
    at Zc (/app/node_modules/.pnpm/react-dom@18.3.1_react@18.3.1/node_modules/react-dom/cjs/react-dom-server.browser.production.min.js:71:145)
[2025-03-25T02:13:35.518Z] error: undefined
[2025-03-25T02:13:35.620Z] error: <httpProxy> Error calling http://10.104.1.200/admin/api.php...
[2025-03-25T02:13:35.621Z] error: <httpProxy> [
  500,
  Error: connect ECONNREFUSED 10.104.1.200:80
      at <unknown> (Error: connect ECONNREFUSED 10.104.1.200:80) {
    errno: -111,
    code: 'ECONNREFUSED',
    syscall: 'connect',
    address: '10.104.1.200',
    port: 80
  }
]
[2025-03-25T02:13:53.347Z] error: <httpProxy> Error calling http://10.104.1.200/admin/api.php...
[2025-03-25T02:13:53.348Z] error: <httpProxy> [
  500,
  Error: connect ECONNREFUSED 10.104.1.200:80
      at <unknown> (Error: connect ECONNREFUSED 10.104.1.200:80) {
    errno: -111,
    code: 'ECONNREFUSED',
    syscall: 'connect',
    address: '10.104.1.200',
    port: 80
  }
]
